{
  "stats": {
    "suites": 0,
    "tests": 3,
    "passes": 1,
    "pending": 0,
    "failures": 2,
    "start": "2023-10-27T14:01:51.617Z",
    "end": "2023-10-27T14:02:10.847Z",
    "duration": 19230,
    "testsRegistered": 3,
    "passPercent": 33.33333333333333,
    "pendingPercent": 0,
    "other": 0,
    "hasOther": false,
    "skipped": 0,
    "hasSkipped": false
  },
  "results": [
    {
      "uuid": "25f210cf-43ee-4186-8d8d-cdb934988a0c",
      "title": "",
      "fullFile": "cypress/integration/login.ts",
      "file": "cypress/integration/login.ts",
      "beforeHooks": [],
      "afterHooks": [],
      "tests": [
        {
          "title": "Test LOGIN",
          "fullTitle": "Test LOGIN",
          "timedOut": null,
          "duration": 7480,
          "state": "failed",
          "speed": null,
          "pass": false,
          "fail": true,
          "pending": false,
          "context": null,
          "code": "loginPage.login(URL, 'standard_user', 'secret_sauce');\nloginPage.assertLogin();",
          "err": {
            "message": "AssertionError: Timed out retrying after 4000ms: Expected to find element: `.peek`, but never found it.",
            "estack": "AssertionError: Timed out retrying after 4000ms: Expected to find element: `.peek`, but never found it.\n    at LoginPage.assertLogin (https://www.saucedemo.com/__cypress/tests?p=cypress\\integration\\login.ts:177:25)\n    at Context.eval (https://www.saucedemo.com/__cypress/tests?p=cypress\\integration\\login.ts:106:15)",
            "diff": null
          },
          "uuid": "67741f4a-b36d-47ec-800c-b9c82e203700",
          "parentUUID": "25f210cf-43ee-4186-8d8d-cdb934988a0c",
          "isHook": false,
          "skipped": false
        },
        {
          "title": "Test Sauce Demo Invalid Password",
          "fullTitle": "Test Sauce Demo Invalid Password",
          "timedOut": null,
          "duration": 2603,
          "state": "passed",
          "speed": "fast",
          "pass": true,
          "fail": false,
          "pending": false,
          "context": null,
          "code": "loginPage.login(URL, 'standard_user', 'invalidPass');\nloginPage.assertLoginFail();",
          "err": {},
          "uuid": "735709f6-47a7-47cf-afac-66898707444c",
          "parentUUID": "25f210cf-43ee-4186-8d8d-cdb934988a0c",
          "isHook": false,
          "skipped": false
        },
        {
          "title": "Test Sauce Demo Sauce labs product backpack",
          "fullTitle": "Test Sauce Demo Sauce labs product backpack",
          "timedOut": null,
          "duration": 6199,
          "state": "failed",
          "speed": null,
          "pass": false,
          "fail": true,
          "pending": false,
          "context": null,
          "code": "loginPage.login(URL, 'standard_user', 'secret_sauce');\nloginPage.assertLogin();\ndashboardPage.sauceLabsBackpack();",
          "err": {
            "message": "AssertionError: Timed out retrying after 4000ms: Expected to find element: `.peek`, but never found it.",
            "estack": "AssertionError: Timed out retrying after 4000ms: Expected to find element: `.peek`, but never found it.\n    at LoginPage.assertLogin (https://www.saucedemo.com/__cypress/tests?p=cypress\\integration\\login.ts:177:25)\n    at Context.eval (https://www.saucedemo.com/__cypress/tests?p=cypress\\integration\\login.ts:114:15)",
            "diff": null
          },
          "uuid": "f2439ece-ca6a-4ab5-8315-c54a5d2354ed",
          "parentUUID": "25f210cf-43ee-4186-8d8d-cdb934988a0c",
          "isHook": false,
          "skipped": false
        }
      ],
      "suites": [],
      "passes": [
        "735709f6-47a7-47cf-afac-66898707444c"
      ],
      "failures": [
        "67741f4a-b36d-47ec-800c-b9c82e203700",
        "f2439ece-ca6a-4ab5-8315-c54a5d2354ed"
      ],
      "pending": [],
      "skipped": [],
      "duration": 16282,
      "root": true,
      "rootEmpty": false,
      "_timeout": 2000
    }
  ],
  "meta": {
    "mocha": {
      "version": "7.0.1"
    },
    "mochawesome": {
      "options": {
        "quiet": false,
        "reportFilename": "mochawesome",
        "saveHtml": false,
        "saveJson": true,
        "consoleReporter": "spec",
        "useInlineDiffs": false,
        "code": true
      },
      "version": "7.1.3"
    },
    "marge": {
      "options": {
        "chart": true,
        "overwrite": false,
        "html": false,
        "json": true,
        "reportDir": "cypress/reports"
      },
      "version": "6.2.0"
    }
  }
}